[0.021s] Invoking command in '/home/pakorn/antbot_ws/build/antbot_description': CMAKE_PREFIX_PATH=${CMAKE_PREFIX_PATH}:/home/pakorn/antbot_ws/install/antbot_drive_controller:/opt/ros/jazzy DEBUGINFOD_URLS=https://debuginfod.ubuntu.com /usr/bin/cmake --build /home/pakorn/antbot_ws/build/antbot_description -- -j12 -l12
[0.263s] Invoked command in '/home/pakorn/antbot_ws/build/antbot_description' returned '0': CMAKE_PREFIX_PATH=${CMAKE_PREFIX_PATH}:/home/pakorn/antbot_ws/install/antbot_drive_controller:/opt/ros/jazzy DEBUGINFOD_URLS=https://debuginfod.ubuntu.com /usr/bin/cmake --build /home/pakorn/antbot_ws/build/antbot_description -- -j12 -l12
[0.283s] Invoking command in '/home/pakorn/antbot_ws/build/antbot_description': CMAKE_PREFIX_PATH=${CMAKE_PREFIX_PATH}:/home/pakorn/antbot_ws/install/antbot_drive_controller:/opt/ros/jazzy DEBUGINFOD_URLS=https://debuginfod.ubuntu.com /usr/bin/cmake --install /home/pakorn/antbot_ws/build/antbot_description
[0.302s] -- Install configuration: ""
[0.303s] -- Up-to-date: /home/pakorn/antbot_ws/install/antbot_description/share/antbot_description/launch
[0.303s] -- Up-to-date: /home/pakorn/antbot_ws/install/antbot_description/share/antbot_description/launch/gz_sim.launch.py
[0.303s] -- Up-to-date: /home/pakorn/antbot_ws/install/antbot_description/share/antbot_description/launch/display.launch.py
[0.303s] -- Up-to-date: /home/pakorn/antbot_ws/install/antbot_description/share/antbot_description/meshes
[0.303s] -- Up-to-date: /home/pakorn/antbot_ws/install/antbot_description/share/antbot_description/meshes/wheel_front_frame.stl
[0.303s] -- Up-to-date: /home/pakorn/antbot_ws/install/antbot_description/share/antbot_description/meshes/pillar.stl
[0.303s] -- Up-to-date: /home/pakorn/antbot_ws/install/antbot_description/share/antbot_description/meshes/omron.stl
[0.303s] -- Up-to-date: /home/pakorn/antbot_ws/install/antbot_description/share/antbot_description/meshes/wheel_front.stl
[0.304s] -- Up-to-date: /home/pakorn/antbot_ws/install/antbot_description/share/antbot_description/meshes/wheel_rear.stl
[0.304s] -- Up-to-date: /home/pakorn/antbot_ws/install/antbot_description/share/antbot_description/meshes/wheel_front_centered.stl
[0.304s] -- Up-to-date: /home/pakorn/antbot_ws/install/antbot_description/share/antbot_description/meshes/wheel_rear_centered_clean.stl
[0.304s] -- Up-to-date: /home/pakorn/antbot_ws/install/antbot_description/share/antbot_description/meshes/lidar.stl
[0.304s] -- Up-to-date: /home/pakorn/antbot_ws/install/antbot_description/share/antbot_description/meshes/antbot_base.stl
[0.304s] -- Up-to-date: /home/pakorn/antbot_ws/install/antbot_description/share/antbot_description/worlds
[0.304s] -- Installing: /home/pakorn/antbot_ws/install/antbot_description/share/antbot_description/worlds/empty.sdf
[0.304s] -- Up-to-date: /home/pakorn/antbot_ws/install/antbot_description/share/antbot_description/urdf
[0.305s] -- Up-to-date: /home/pakorn/antbot_ws/install/antbot_description/share/antbot_description/urdf/antbot.urdf.xacro
[0.305s] -- Up-to-date: /home/pakorn/antbot_ws/install/antbot_description/share/ament_index/resource_index/package_run_dependencies/antbot_description
[0.305s] -- Up-to-date: /home/pakorn/antbot_ws/install/antbot_description/share/ament_index/resource_index/parent_prefix_path/antbot_description
[0.305s] -- Up-to-date: /home/pakorn/antbot_ws/install/antbot_description/share/antbot_description/environment/ament_prefix_path.sh
[0.305s] -- Up-to-date: /home/pakorn/antbot_ws/install/antbot_description/share/antbot_description/environment/ament_prefix_path.dsv
[0.305s] -- Up-to-date: /home/pakorn/antbot_ws/install/antbot_description/share/antbot_description/environment/path.sh
[0.305s] -- Up-to-date: /home/pakorn/antbot_ws/install/antbot_description/share/antbot_description/environment/path.dsv
[0.305s] -- Up-to-date: /home/pakorn/antbot_ws/install/antbot_description/share/antbot_description/local_setup.bash
[0.305s] -- Up-to-date: /home/pakorn/antbot_ws/install/antbot_description/share/antbot_description/local_setup.sh
[0.305s] -- Up-to-date: /home/pakorn/antbot_ws/install/antbot_description/share/antbot_description/local_setup.zsh
[0.306s] -- Up-to-date: /home/pakorn/antbot_ws/install/antbot_description/share/antbot_description/local_setup.dsv
[0.306s] -- Installing: /home/pakorn/antbot_ws/install/antbot_description/share/antbot_description/package.dsv
[0.306s] -- Up-to-date: /home/pakorn/antbot_ws/install/antbot_description/share/ament_index/resource_index/packages/antbot_description
[0.306s] -- Up-to-date: /home/pakorn/antbot_ws/install/antbot_description/share/antbot_description/cmake/antbot_descriptionConfig.cmake
[0.306s] -- Up-to-date: /home/pakorn/antbot_ws/install/antbot_description/share/antbot_description/cmake/antbot_descriptionConfig-version.cmake
[0.306s] -- Up-to-date: /home/pakorn/antbot_ws/install/antbot_description/share/antbot_description/package.xml
[0.307s] Invoked command in '/home/pakorn/antbot_ws/build/antbot_description' returned '0': CMAKE_PREFIX_PATH=${CMAKE_PREFIX_PATH}:/home/pakorn/antbot_ws/install/antbot_drive_controller:/opt/ros/jazzy DEBUGINFOD_URLS=https://debuginfod.ubuntu.com /usr/bin/cmake --install /home/pakorn/antbot_ws/build/antbot_description
