-- Install configuration: ""
-- Up-to-date: /home/pakorn/antbot_ws/install/antbot_description/share/antbot_description/launch
-- Installing: /home/pakorn/antbot_ws/install/antbot_description/share/antbot_description/launch/gz_sim.launch.py
-- Up-to-date: /home/pakorn/antbot_ws/install/antbot_description/share/antbot_description/launch/display.launch.py
-- Up-to-date: /home/pakorn/antbot_ws/install/antbot_description/share/antbot_description/meshes
-- Up-to-date: /home/pakorn/antbot_ws/install/antbot_description/share/antbot_description/meshes/wheel_front_frame.stl
-- Up-to-date: /home/pakorn/antbot_ws/install/antbot_description/share/antbot_description/meshes/pillar.stl
-- Up-to-date: /home/pakorn/antbot_ws/install/antbot_description/share/antbot_description/meshes/omron.stl
-- Up-to-date: /home/pakorn/antbot_ws/install/antbot_description/share/antbot_description/meshes/wheel_front.stl
-- Up-to-date: /home/pakorn/antbot_ws/install/antbot_description/share/antbot_description/meshes/wheel_rear.stl
-- Up-to-date: /home/pakorn/antbot_ws/install/antbot_description/share/antbot_description/meshes/wheel_front_centered.stl
-- Up-to-date: /home/pakorn/antbot_ws/install/antbot_description/share/antbot_description/meshes/wheel_rear_centered_clean.stl
-- Up-to-date: /home/pakorn/antbot_ws/install/antbot_description/share/antbot_description/meshes/lidar.stl
-- Up-to-date: /home/pakorn/antbot_ws/install/antbot_description/share/antbot_description/meshes/antbot_base.stl
-- Up-to-date: /home/pakorn/antbot_ws/install/antbot_description/share/antbot_description/worlds
-- Installing: /home/pakorn/antbot_ws/install/antbot_description/share/antbot_description/worlds/empty.sdf
-- Up-to-date: /home/pakorn/antbot_ws/install/antbot_description/share/antbot_description/urdf
-- Up-to-date: /home/pakorn/antbot_ws/install/antbot_description/share/antbot_description/urdf/antbot.urdf.xacro
-- Up-to-date: /home/pakorn/antbot_ws/install/antbot_description/share/ament_index/resource_index/package_run_dependencies/antbot_description
-- Up-to-date: /home/pakorn/antbot_ws/install/antbot_description/share/ament_index/resource_index/parent_prefix_path/antbot_description
-- Up-to-date: /home/pakorn/antbot_ws/install/antbot_description/share/antbot_description/environment/ament_prefix_path.sh
-- Up-to-date: /home/pakorn/antbot_ws/install/antbot_description/share/antbot_description/environment/ament_prefix_path.dsv
-- Up-to-date: /home/pakorn/antbot_ws/install/antbot_description/share/antbot_description/environment/path.sh
-- Up-to-date: /home/pakorn/antbot_ws/install/antbot_description/share/antbot_description/environment/path.dsv
-- Up-to-date: /home/pakorn/antbot_ws/install/antbot_description/share/antbot_description/local_setup.bash
-- Up-to-date: /home/pakorn/antbot_ws/install/antbot_description/share/antbot_description/local_setup.sh
-- Up-to-date: /home/pakorn/antbot_ws/install/antbot_description/share/antbot_description/local_setup.zsh
-- Up-to-date: /home/pakorn/antbot_ws/install/antbot_description/share/antbot_description/local_setup.dsv
-- Installing: /home/pakorn/antbot_ws/install/antbot_description/share/antbot_description/package.dsv
-- Up-to-date: /home/pakorn/antbot_ws/install/antbot_description/share/ament_index/resource_index/packages/antbot_description
-- Up-to-date: /home/pakorn/antbot_ws/install/antbot_description/share/antbot_description/cmake/antbot_descriptionConfig.cmake
-- Up-to-date: /home/pakorn/antbot_ws/install/antbot_description/share/antbot_description/cmake/antbot_descriptionConfig-version.cmake
-- Up-to-date: /home/pakorn/antbot_ws/install/antbot_description/share/antbot_description/package.xml
