[0.116s] DEBUG:colcon:Command line arguments: ['/usr/bin/colcon', 'build', '--packages-select', 'antbot_description', 'antbot_drive_controller']
[0.116s] DEBUG:colcon:Parsed command line arguments: Namespace(log_base=None, log_level=None, verb_name='build', build_base='build', install_base='install', merge_install=False, symlink_install=False, test_result_base=None, continue_on_error=False, executor='parallel', parallel_workers=12, event_handlers=None, ignore_user_meta=False, metas=['./colcon.meta'], base_paths=['.'], packages_ignore=None, packages_ignore_regex=None, paths=None, packages_up_to=None, packages_up_to_regex=None, packages_above=None, packages_above_and_dependencies=None, packages_above_depth=None, packages_select_by_dep=None, packages_skip_by_dep=None, packages_skip_up_to=None, packages_select_build_failed=False, packages_skip_build_finished=False, packages_select_test_failures=False, packages_skip_test_passed=False, packages_select=['antbot_description', 'antbot_drive_controller'], packages_skip=None, packages_select_regex=None, packages_skip_regex=None, packages_start=None, packages_end=None, allow_overriding=[], cmake_args=None, cmake_target=None, cmake_target_skip_unavailable=False, cmake_clean_cache=False, cmake_clean_first=False, cmake_force_configure=False, ament_cmake_args=None, catkin_cmake_args=None, catkin_skip_building_tests=False, verb_parser=<colcon_defaults.argument_parser.defaults.DefaultArgumentsDecorator object at 0x76b0199a47a0>, verb_extension=<colcon_core.verb.build.BuildVerb object at 0x76b019ac0bc0>, main=<bound method BuildVerb.main of <colcon_core.verb.build.BuildVerb object at 0x76b019ac0bc0>>)
[0.157s] Level 1:colcon.colcon_core.package_discovery:discover_packages(colcon_meta) check parameters
[0.157s] Level 1:colcon.colcon_core.package_discovery:discover_packages(recursive) check parameters
[0.157s] Level 1:colcon.colcon_core.package_discovery:discover_packages(ignore) check parameters
[0.158s] Level 1:colcon.colcon_core.package_discovery:discover_packages(path) check parameters
[0.158s] Level 1:colcon.colcon_core.package_discovery:discover_packages(colcon_meta) discover
[0.158s] Level 1:colcon.colcon_core.package_discovery:discover_packages(recursive) discover
[0.158s] INFO:colcon.colcon_core.package_discovery:Crawling recursively for packages in '/home/pakorn/antbot_ws'
[0.158s] Level 1:colcon.colcon_core.package_identification:_identify(.) by extensions ['ignore', 'ignore_ament_install']
[0.158s] Level 1:colcon.colcon_core.package_identification:_identify(.) by extension 'ignore'
[0.158s] Level 1:colcon.colcon_core.package_identification:_identify(.) by extension 'ignore_ament_install'
[0.158s] Level 1:colcon.colcon_core.package_identification:_identify(.) by extensions ['colcon_pkg']
[0.158s] Level 1:colcon.colcon_core.package_identification:_identify(.) by extension 'colcon_pkg'
[0.158s] Level 1:colcon.colcon_core.package_identification:_identify(.) by extensions ['colcon_meta']
[0.158s] Level 1:colcon.colcon_core.package_identification:_identify(.) by extension 'colcon_meta'
[0.158s] Level 1:colcon.colcon_core.package_identification:_identify(.) by extensions ['ros']
[0.159s] Level 1:colcon.colcon_core.package_identification:_identify(.) by extension 'ros'
[0.192s] Level 1:colcon.colcon_core.package_identification:_identify(.) by extensions ['cmake', 'python']
[0.192s] Level 1:colcon.colcon_core.package_identification:_identify(.) by extension 'cmake'
[0.193s] Level 1:colcon.colcon_core.package_identification:_identify(.) by extension 'python'
[0.193s] Level 1:colcon.colcon_core.package_identification:_identify(.) by extensions ['python_setup_py']
[0.193s] Level 1:colcon.colcon_core.package_identification:_identify(.) by extension 'python_setup_py'
[0.193s] Level 1:colcon.colcon_core.package_identification:_identify(build) by extensions ['ignore', 'ignore_ament_install']
[0.193s] Level 1:colcon.colcon_core.package_identification:_identify(build) by extension 'ignore'
[0.193s] Level 1:colcon.colcon_core.package_identification:_identify(build) ignored
[0.193s] Level 1:colcon.colcon_core.package_identification:_identify(install) by extensions ['ignore', 'ignore_ament_install']
[0.193s] Level 1:colcon.colcon_core.package_identification:_identify(install) by extension 'ignore'
[0.193s] Level 1:colcon.colcon_core.package_identification:_identify(install) ignored
[0.194s] Level 1:colcon.colcon_core.package_identification:_identify(log) by extensions ['ignore', 'ignore_ament_install']
[0.194s] Level 1:colcon.colcon_core.package_identification:_identify(log) by extension 'ignore'
[0.194s] Level 1:colcon.colcon_core.package_identification:_identify(log) ignored
[0.194s] Level 1:colcon.colcon_core.package_identification:_identify(src) by extensions ['ignore', 'ignore_ament_install']
[0.194s] Level 1:colcon.colcon_core.package_identification:_identify(src) by extension 'ignore'
[0.194s] Level 1:colcon.colcon_core.package_identification:_identify(src) by extension 'ignore_ament_install'
[0.194s] Level 1:colcon.colcon_core.package_identification:_identify(src) by extensions ['colcon_pkg']
[0.194s] Level 1:colcon.colcon_core.package_identification:_identify(src) by extension 'colcon_pkg'
[0.194s] Level 1:colcon.colcon_core.package_identification:_identify(src) by extensions ['colcon_meta']
[0.194s] Level 1:colcon.colcon_core.package_identification:_identify(src) by extension 'colcon_meta'
[0.194s] Level 1:colcon.colcon_core.package_identification:_identify(src) by extensions ['ros']
[0.194s] Level 1:colcon.colcon_core.package_identification:_identify(src) by extension 'ros'
[0.194s] Level 1:colcon.colcon_core.package_identification:_identify(src) by extensions ['cmake', 'python']
[0.194s] Level 1:colcon.colcon_core.package_identification:_identify(src) by extension 'cmake'
[0.194s] Level 1:colcon.colcon_core.package_identification:_identify(src) by extension 'python'
[0.195s] Level 1:colcon.colcon_core.package_identification:_identify(src) by extensions ['python_setup_py']
[0.195s] Level 1:colcon.colcon_core.package_identification:_identify(src) by extension 'python_setup_py'
[0.195s] Level 1:colcon.colcon_core.package_identification:_identify(src/antbot_description) by extensions ['ignore', 'ignore_ament_install']
[0.195s] Level 1:colcon.colcon_core.package_identification:_identify(src/antbot_description) by extension 'ignore'
[0.195s] Level 1:colcon.colcon_core.package_identification:_identify(src/antbot_description) by extension 'ignore_ament_install'
[0.195s] Level 1:colcon.colcon_core.package_identification:_identify(src/antbot_description) by extensions ['colcon_pkg']
[0.195s] Level 1:colcon.colcon_core.package_identification:_identify(src/antbot_description) by extension 'colcon_pkg'
[0.195s] Level 1:colcon.colcon_core.package_identification:_identify(src/antbot_description) by extensions ['colcon_meta']
[0.195s] Level 1:colcon.colcon_core.package_identification:_identify(src/antbot_description) by extension 'colcon_meta'
[0.195s] Level 1:colcon.colcon_core.package_identification:_identify(src/antbot_description) by extensions ['ros']
[0.195s] Level 1:colcon.colcon_core.package_identification:_identify(src/antbot_description) by extension 'ros'
[0.197s] DEBUG:colcon.colcon_core.package_identification:Package 'src/antbot_description' with type 'ros.ament_cmake' and name 'antbot_description'
[0.198s] Level 1:colcon.colcon_core.package_identification:_identify(src/antbot_drive_controller) by extensions ['ignore', 'ignore_ament_install']
[0.198s] Level 1:colcon.colcon_core.package_identification:_identify(src/antbot_drive_controller) by extension 'ignore'
[0.198s] Level 1:colcon.colcon_core.package_identification:_identify(src/antbot_drive_controller) by extension 'ignore_ament_install'
[0.198s] Level 1:colcon.colcon_core.package_identification:_identify(src/antbot_drive_controller) by extensions ['colcon_pkg']
[0.198s] Level 1:colcon.colcon_core.package_identification:_identify(src/antbot_drive_controller) by extension 'colcon_pkg'
[0.198s] Level 1:colcon.colcon_core.package_identification:_identify(src/antbot_drive_controller) by extensions ['colcon_meta']
[0.198s] Level 1:colcon.colcon_core.package_identification:_identify(src/antbot_drive_controller) by extension 'colcon_meta'
[0.198s] Level 1:colcon.colcon_core.package_identification:_identify(src/antbot_drive_controller) by extensions ['ros']
[0.198s] Level 1:colcon.colcon_core.package_identification:_identify(src/antbot_drive_controller) by extension 'ros'
[0.199s] DEBUG:colcon.colcon_core.package_identification:Package 'src/antbot_drive_controller' with type 'ros.ament_python' and name 'antbot_drive_controller'
[0.199s] Level 1:colcon.colcon_core.package_discovery:discover_packages(recursive) using defaults
[0.199s] Level 1:colcon.colcon_core.package_discovery:discover_packages(ignore) discover
[0.199s] Level 1:colcon.colcon_core.package_discovery:discover_packages(ignore) using defaults
[0.199s] Level 1:colcon.colcon_core.package_discovery:discover_packages(path) discover
[0.199s] Level 1:colcon.colcon_core.package_discovery:discover_packages(path) using defaults
[0.218s] Level 1:colcon.colcon_core.package_discovery:discover_packages(prefix_path) check parameters
[0.218s] Level 1:colcon.colcon_core.package_discovery:discover_packages(prefix_path) discover
[0.220s] DEBUG:colcon.colcon_installed_package_information.package_discovery:Found 2 installed packages in /home/pakorn/antbot_ws/install
[0.221s] DEBUG:colcon.colcon_installed_package_information.package_discovery:Found 1 installed packages in /home/pakorn/gz_ros2_control_ws/install
[0.221s] DEBUG:colcon.colcon_installed_package_information.package_discovery:Found 11 installed packages in /home/pakorn/ros2_ws/install
[0.222s] DEBUG:colcon.colcon_installed_package_information.package_discovery:Found 1 installed packages in /home/pakorn/test_ws/install
[0.224s] DEBUG:colcon.colcon_installed_package_information.package_discovery:Found 469 installed packages in /opt/ros/jazzy
[0.226s] Level 1:colcon.colcon_core.package_discovery:discover_packages(prefix_path) using defaults
[0.291s] Level 5:colcon.colcon_core.verb:set package 'antbot_description' build argument 'cmake_args' from command line to 'None'
[0.291s] Level 5:colcon.colcon_core.verb:set package 'antbot_description' build argument 'cmake_target' from command line to 'None'
[0.291s] Level 5:colcon.colcon_core.verb:set package 'antbot_description' build argument 'cmake_target_skip_unavailable' from command line to 'False'
[0.291s] Level 5:colcon.colcon_core.verb:set package 'antbot_description' build argument 'cmake_clean_cache' from command line to 'False'
[0.291s] Level 5:colcon.colcon_core.verb:set package 'antbot_description' build argument 'cmake_clean_first' from command line to 'False'
[0.291s] Level 5:colcon.colcon_core.verb:set package 'antbot_description' build argument 'cmake_force_configure' from command line to 'False'
[0.291s] Level 5:colcon.colcon_core.verb:set package 'antbot_description' build argument 'ament_cmake_args' from command line to 'None'
[0.291s] Level 5:colcon.colcon_core.verb:set package 'antbot_description' build argument 'catkin_cmake_args' from command line to 'None'
[0.291s] Level 5:colcon.colcon_core.verb:set package 'antbot_description' build argument 'catkin_skip_building_tests' from command line to 'False'
[0.291s] DEBUG:colcon.colcon_core.verb:Building package 'antbot_description' with the following arguments: {'ament_cmake_args': None, 'build_base': '/home/pakorn/antbot_ws/build/antbot_description', 'catkin_cmake_args': None, 'catkin_skip_building_tests': False, 'cmake_args': None, 'cmake_clean_cache': False, 'cmake_clean_first': False, 'cmake_force_configure': False, 'cmake_target': None, 'cmake_target_skip_unavailable': False, 'install_base': '/home/pakorn/antbot_ws/install/antbot_description', 'merge_install': False, 'path': '/home/pakorn/antbot_ws/src/antbot_description', 'symlink_install': False, 'test_result_base': None}
[0.292s] Level 5:colcon.colcon_core.verb:set package 'antbot_drive_controller' build argument 'cmake_args' from command line to 'None'
[0.292s] Level 5:colcon.colcon_core.verb:set package 'antbot_drive_controller' build argument 'cmake_target' from command line to 'None'
[0.292s] Level 5:colcon.colcon_core.verb:set package 'antbot_drive_controller' build argument 'cmake_target_skip_unavailable' from command line to 'False'
[0.292s] Level 5:colcon.colcon_core.verb:set package 'antbot_drive_controller' build argument 'cmake_clean_cache' from command line to 'False'
[0.292s] Level 5:colcon.colcon_core.verb:set package 'antbot_drive_controller' build argument 'cmake_clean_first' from command line to 'False'
[0.292s] Level 5:colcon.colcon_core.verb:set package 'antbot_drive_controller' build argument 'cmake_force_configure' from command line to 'False'
[0.292s] Level 5:colcon.colcon_core.verb:set package 'antbot_drive_controller' build argument 'ament_cmake_args' from command line to 'None'
[0.292s] Level 5:colcon.colcon_core.verb:set package 'antbot_drive_controller' build argument 'catkin_cmake_args' from command line to 'None'
[0.292s] Level 5:colcon.colcon_core.verb:set package 'antbot_drive_controller' build argument 'catkin_skip_building_tests' from command line to 'False'
[0.292s] DEBUG:colcon.colcon_core.verb:Building package 'antbot_drive_controller' with the following arguments: {'ament_cmake_args': None, 'build_base': '/home/pakorn/antbot_ws/build/antbot_drive_controller', 'catkin_cmake_args': None, 'catkin_skip_building_tests': False, 'cmake_args': None, 'cmake_clean_cache': False, 'cmake_clean_first': False, 'cmake_force_configure': False, 'cmake_target': None, 'cmake_target_skip_unavailable': False, 'install_base': '/home/pakorn/antbot_ws/install/antbot_drive_controller', 'merge_install': False, 'path': '/home/pakorn/antbot_ws/src/antbot_drive_controller', 'symlink_install': False, 'test_result_base': None}
[0.292s] INFO:colcon.colcon_core.executor:Executing jobs using 'parallel' executor
[0.293s] DEBUG:colcon.colcon_parallel_executor.executor.parallel:run_until_complete
[0.293s] INFO:colcon.colcon_ros.task.ament_cmake.build:Building ROS package in '/home/pakorn/antbot_ws/src/antbot_description' with build type 'ament_cmake'
[0.294s] INFO:colcon.colcon_cmake.task.cmake.build:Building CMake package in '/home/pakorn/antbot_ws/src/antbot_description'
[0.296s] INFO:colcon.colcon_core.plugin_system:Skipping extension 'colcon_core.shell.bat': Not used on non-Windows systems
[0.296s] INFO:colcon.colcon_core.shell:Skip shell extension 'powershell' for command environment: Not usable outside of PowerShell
[0.296s] DEBUG:colcon.colcon_core.shell:Skip shell extension 'dsv' for command environment
[0.303s] INFO:colcon.colcon_ros.task.ament_python.build:Building ROS package in '/home/pakorn/antbot_ws/src/antbot_drive_controller' with build type 'ament_python'
[0.303s] Level 1:colcon.colcon_core.shell:create_environment_hook('antbot_drive_controller', 'ament_prefix_path')
[0.303s] INFO:colcon.colcon_core.shell:Creating environment hook '/home/pakorn/antbot_ws/install/antbot_drive_controller/share/antbot_drive_controller/hook/ament_prefix_path.ps1'
[0.304s] INFO:colcon.colcon_core.shell:Creating environment descriptor '/home/pakorn/antbot_ws/install/antbot_drive_controller/share/antbot_drive_controller/hook/ament_prefix_path.dsv'
[0.304s] INFO:colcon.colcon_core.shell:Creating environment hook '/home/pakorn/antbot_ws/install/antbot_drive_controller/share/antbot_drive_controller/hook/ament_prefix_path.sh'
[0.305s] INFO:colcon.colcon_core.shell:Skip shell extension 'powershell' for command environment: Not usable outside of PowerShell
[0.305s] DEBUG:colcon.colcon_core.shell:Skip shell extension 'dsv' for command environment
[0.319s] DEBUG:colcon.colcon_core.event_handler.log_command:Invoking command in '/home/pakorn/antbot_ws/build/antbot_description': CMAKE_PREFIX_PATH=${CMAKE_PREFIX_PATH}:/home/pakorn/antbot_ws/install/antbot_drive_controller:/opt/ros/jazzy DEBUGINFOD_URLS=https://debuginfod.ubuntu.com /usr/bin/cmake --build /home/pakorn/antbot_ws/build/antbot_description -- -j12 -l12
[0.579s] INFO:colcon.colcon_core.task.python.build:Building Python package in '/home/pakorn/antbot_ws/src/antbot_drive_controller'
[0.579s] INFO:colcon.colcon_core.shell:Skip shell extension 'powershell' for command environment: Not usable outside of PowerShell
[0.579s] DEBUG:colcon.colcon_core.shell:Skip shell extension 'dsv' for command environment
[0.587s] DEBUG:colcon.colcon_core.event_handler.log_command:Invoked command in '/home/pakorn/antbot_ws/build/antbot_description' returned '0': CMAKE_PREFIX_PATH=${CMAKE_PREFIX_PATH}:/home/pakorn/antbot_ws/install/antbot_drive_controller:/opt/ros/jazzy DEBUGINFOD_URLS=https://debuginfod.ubuntu.com /usr/bin/cmake --build /home/pakorn/antbot_ws/build/antbot_description -- -j12 -l12
[0.609s] DEBUG:colcon.colcon_core.event_handler.log_command:Invoking command in '/home/pakorn/antbot_ws/build/antbot_description': CMAKE_PREFIX_PATH=${CMAKE_PREFIX_PATH}:/home/pakorn/antbot_ws/install/antbot_drive_controller:/opt/ros/jazzy DEBUGINFOD_URLS=https://debuginfod.ubuntu.com /usr/bin/cmake --install /home/pakorn/antbot_ws/build/antbot_description
[0.625s] Level 1:colcon.colcon_core.environment:create_environment_scripts_only(antbot_description)
[0.625s] DEBUG:colcon.colcon_core.event_handler.log_command:Invoked command in '/home/pakorn/antbot_ws/build/antbot_description' returned '0': CMAKE_PREFIX_PATH=${CMAKE_PREFIX_PATH}:/home/pakorn/antbot_ws/install/antbot_drive_controller:/opt/ros/jazzy DEBUGINFOD_URLS=https://debuginfod.ubuntu.com /usr/bin/cmake --install /home/pakorn/antbot_ws/build/antbot_description
[0.628s] Level 1:colcon.colcon_core.environment:checking '/home/pakorn/antbot_ws/install/antbot_description' for CMake module files
[0.628s] Level 1:colcon.colcon_core.environment:checking '/home/pakorn/antbot_ws/install/antbot_description' for CMake config files
[0.628s] Level 1:colcon.colcon_core.shell:create_environment_hook('antbot_description', 'cmake_prefix_path')
[0.628s] INFO:colcon.colcon_core.shell:Creating environment hook '/home/pakorn/antbot_ws/install/antbot_description/share/antbot_description/hook/cmake_prefix_path.ps1'
[0.629s] INFO:colcon.colcon_core.shell:Creating environment descriptor '/home/pakorn/antbot_ws/install/antbot_description/share/antbot_description/hook/cmake_prefix_path.dsv'
[0.629s] INFO:colcon.colcon_core.shell:Creating environment hook '/home/pakorn/antbot_ws/install/antbot_description/share/antbot_description/hook/cmake_prefix_path.sh'
[0.630s] Level 1:colcon.colcon_core.environment:checking '/home/pakorn/antbot_ws/install/antbot_description/bin'
[0.630s] Level 1:colcon.colcon_core.environment:checking '/home/pakorn/antbot_ws/install/antbot_description/lib/pkgconfig/antbot_description.pc'
[0.630s] Level 1:colcon.colcon_core.environment:checking '/home/pakorn/antbot_ws/install/antbot_description/lib/python3.12/site-packages'
[0.630s] Level 1:colcon.colcon_core.environment:checking '/home/pakorn/antbot_ws/install/antbot_description/bin'
[0.631s] INFO:colcon.colcon_core.shell:Creating package script '/home/pakorn/antbot_ws/install/antbot_description/share/antbot_description/package.ps1'
[0.631s] INFO:colcon.colcon_core.shell:Creating package descriptor '/home/pakorn/antbot_ws/install/antbot_description/share/antbot_description/package.dsv'
[0.632s] INFO:colcon.colcon_core.shell:Creating package script '/home/pakorn/antbot_ws/install/antbot_description/share/antbot_description/package.sh'
[0.633s] INFO:colcon.colcon_core.shell:Creating package script '/home/pakorn/antbot_ws/install/antbot_description/share/antbot_description/package.bash'
[0.633s] INFO:colcon.colcon_core.shell:Creating package script '/home/pakorn/antbot_ws/install/antbot_description/share/antbot_description/package.zsh'
[0.634s] Level 1:colcon.colcon_core.environment:create_file_with_runtime_dependencies(/home/pakorn/antbot_ws/install/antbot_description/share/colcon-core/packages/antbot_description)
[0.635s] Level 1:colcon.colcon_core.environment:create_environment_scripts_only(antbot_description)
[0.635s] Level 1:colcon.colcon_core.environment:checking '/home/pakorn/antbot_ws/install/antbot_description' for CMake module files
[0.635s] Level 1:colcon.colcon_core.environment:checking '/home/pakorn/antbot_ws/install/antbot_description' for CMake config files
[0.636s] Level 1:colcon.colcon_core.shell:create_environment_hook('antbot_description', 'cmake_prefix_path')
[0.636s] INFO:colcon.colcon_core.shell:Creating environment hook '/home/pakorn/antbot_ws/install/antbot_description/share/antbot_description/hook/cmake_prefix_path.ps1'
[0.636s] INFO:colcon.colcon_core.shell:Creating environment descriptor '/home/pakorn/antbot_ws/install/antbot_description/share/antbot_description/hook/cmake_prefix_path.dsv'
[0.637s] INFO:colcon.colcon_core.shell:Creating environment hook '/home/pakorn/antbot_ws/install/antbot_description/share/antbot_description/hook/cmake_prefix_path.sh'
[0.638s] Level 1:colcon.colcon_core.environment:checking '/home/pakorn/antbot_ws/install/antbot_description/bin'
[0.638s] Level 1:colcon.colcon_core.environment:checking '/home/pakorn/antbot_ws/install/antbot_description/lib/pkgconfig/antbot_description.pc'
[0.638s] Level 1:colcon.colcon_core.environment:checking '/home/pakorn/antbot_ws/install/antbot_description/lib/python3.12/site-packages'
[0.638s] Level 1:colcon.colcon_core.environment:checking '/home/pakorn/antbot_ws/install/antbot_description/bin'
[0.638s] INFO:colcon.colcon_core.shell:Creating package script '/home/pakorn/antbot_ws/install/antbot_description/share/antbot_description/package.ps1'
[0.639s] INFO:colcon.colcon_core.shell:Creating package descriptor '/home/pakorn/antbot_ws/install/antbot_description/share/antbot_description/package.dsv'
[0.640s] INFO:colcon.colcon_core.shell:Creating package script '/home/pakorn/antbot_ws/install/antbot_description/share/antbot_description/package.sh'
[0.640s] INFO:colcon.colcon_core.shell:Creating package script '/home/pakorn/antbot_ws/install/antbot_description/share/antbot_description/package.bash'
[0.641s] INFO:colcon.colcon_core.shell:Creating package script '/home/pakorn/antbot_ws/install/antbot_description/share/antbot_description/package.zsh'
[0.641s] Level 1:colcon.colcon_core.environment:create_file_with_runtime_dependencies(/home/pakorn/antbot_ws/install/antbot_description/share/colcon-core/packages/antbot_description)
[1.340s] DEBUG:colcon.colcon_core.event_handler.log_command:Invoking command in '/home/pakorn/antbot_ws/src/antbot_drive_controller': DEBUGINFOD_URLS=https://debuginfod.ubuntu.com PYTHONPATH=/home/pakorn/antbot_ws/build/antbot_drive_controller/prefix_override:/usr/lib/python3/dist-packages/colcon_core/task/python/colcon_distutils_commands:/home/pakorn/antbot_ws/install/antbot_drive_controller/lib/python3.12/site-packages:${PYTHONPATH} /usr/bin/python3 -W ignore:setup.py install is deprecated -W ignore:easy_install command is deprecated setup.py egg_info --egg-base ../../build/antbot_drive_controller build --build-base /home/pakorn/antbot_ws/build/antbot_drive_controller/build install --record /home/pakorn/antbot_ws/build/antbot_drive_controller/install.log --single-version-externally-managed install_data
[2.015s] Level 1:colcon.colcon_core.environment:checking '/home/pakorn/antbot_ws/install/antbot_drive_controller' for CMake module files
[2.016s] DEBUG:colcon.colcon_core.event_handler.log_command:Invoked command in '/home/pakorn/antbot_ws/src/antbot_drive_controller' returned '0': DEBUGINFOD_URLS=https://debuginfod.ubuntu.com PYTHONPATH=/home/pakorn/antbot_ws/build/antbot_drive_controller/prefix_override:/usr/lib/python3/dist-packages/colcon_core/task/python/colcon_distutils_commands:/home/pakorn/antbot_ws/install/antbot_drive_controller/lib/python3.12/site-packages:${PYTHONPATH} /usr/bin/python3 -W ignore:setup.py install is deprecated -W ignore:easy_install command is deprecated setup.py egg_info --egg-base ../../build/antbot_drive_controller build --build-base /home/pakorn/antbot_ws/build/antbot_drive_controller/build install --record /home/pakorn/antbot_ws/build/antbot_drive_controller/install.log --single-version-externally-managed install_data
[2.016s] Level 1:colcon.colcon_core.environment:checking '/home/pakorn/antbot_ws/install/antbot_drive_controller' for CMake config files
[2.017s] Level 1:colcon.colcon_core.environment:checking '/home/pakorn/antbot_ws/install/antbot_drive_controller/lib'
[2.017s] Level 1:colcon.colcon_core.environment:checking '/home/pakorn/antbot_ws/install/antbot_drive_controller/bin'
[2.017s] Level 1:colcon.colcon_core.environment:checking '/home/pakorn/antbot_ws/install/antbot_drive_controller/lib/pkgconfig/antbot_drive_controller.pc'
[2.017s] Level 1:colcon.colcon_core.environment:checking '/home/pakorn/antbot_ws/install/antbot_drive_controller/lib/python3.12/site-packages'
[2.017s] Level 1:colcon.colcon_core.shell:create_environment_hook('antbot_drive_controller', 'pythonpath')
[2.018s] INFO:colcon.colcon_core.shell:Creating environment hook '/home/pakorn/antbot_ws/install/antbot_drive_controller/share/antbot_drive_controller/hook/pythonpath.ps1'
[2.018s] INFO:colcon.colcon_core.shell:Creating environment descriptor '/home/pakorn/antbot_ws/install/antbot_drive_controller/share/antbot_drive_controller/hook/pythonpath.dsv'
[2.018s] INFO:colcon.colcon_core.shell:Creating environment hook '/home/pakorn/antbot_ws/install/antbot_drive_controller/share/antbot_drive_controller/hook/pythonpath.sh'
[2.019s] Level 1:colcon.colcon_core.environment:checking '/home/pakorn/antbot_ws/install/antbot_drive_controller/bin'
[2.019s] Level 1:colcon.colcon_core.environment:create_environment_scripts_only(antbot_drive_controller)
[2.019s] INFO:colcon.colcon_core.shell:Creating package script '/home/pakorn/antbot_ws/install/antbot_drive_controller/share/antbot_drive_controller/package.ps1'
[2.019s] INFO:colcon.colcon_core.shell:Creating package descriptor '/home/pakorn/antbot_ws/install/antbot_drive_controller/share/antbot_drive_controller/package.dsv'
[2.020s] INFO:colcon.colcon_core.shell:Creating package script '/home/pakorn/antbot_ws/install/antbot_drive_controller/share/antbot_drive_controller/package.sh'
[2.020s] INFO:colcon.colcon_core.shell:Creating package script '/home/pakorn/antbot_ws/install/antbot_drive_controller/share/antbot_drive_controller/package.bash'
[2.020s] INFO:colcon.colcon_core.shell:Creating package script '/home/pakorn/antbot_ws/install/antbot_drive_controller/share/antbot_drive_controller/package.zsh'
[2.021s] Level 1:colcon.colcon_core.environment:create_file_with_runtime_dependencies(/home/pakorn/antbot_ws/install/antbot_drive_controller/share/colcon-core/packages/antbot_drive_controller)
[2.021s] DEBUG:colcon.colcon_parallel_executor.executor.parallel:closing loop
[2.021s] DEBUG:colcon.colcon_parallel_executor.executor.parallel:loop closed
[2.021s] DEBUG:colcon.colcon_parallel_executor.executor.parallel:run_until_complete finished with '0'
[2.021s] DEBUG:colcon.colcon_core.event_reactor:joining thread
[2.052s] INFO:colcon.colcon_core.plugin_system:Skipping extension 'colcon_notification.desktop_notification.terminal_notifier': Not used on non-Darwin systems
[2.052s] INFO:colcon.colcon_core.plugin_system:Skipping extension 'colcon_notification.desktop_notification.win32': Not used on non-Windows systems
[2.052s] INFO:colcon.colcon_notification.desktop_notification:Sending desktop notification using 'notify2'
[2.064s] DEBUG:colcon.colcon_core.event_reactor:joined thread
[2.065s] INFO:colcon.colcon_core.shell:Creating prefix script '/home/pakorn/antbot_ws/install/local_setup.ps1'
[2.066s] INFO:colcon.colcon_core.shell:Creating prefix util module '/home/pakorn/antbot_ws/install/_local_setup_util_ps1.py'
[2.067s] INFO:colcon.colcon_core.shell:Creating prefix chain script '/home/pakorn/antbot_ws/install/setup.ps1'
[2.069s] INFO:colcon.colcon_core.shell:Creating prefix script '/home/pakorn/antbot_ws/install/local_setup.sh'
[2.069s] INFO:colcon.colcon_core.shell:Creating prefix util module '/home/pakorn/antbot_ws/install/_local_setup_util_sh.py'
[2.070s] INFO:colcon.colcon_core.shell:Creating prefix chain script '/home/pakorn/antbot_ws/install/setup.sh'
[2.072s] INFO:colcon.colcon_core.shell:Creating prefix script '/home/pakorn/antbot_ws/install/local_setup.bash'
[2.073s] INFO:colcon.colcon_core.shell:Creating prefix chain script '/home/pakorn/antbot_ws/install/setup.bash'
[2.074s] INFO:colcon.colcon_core.shell:Creating prefix script '/home/pakorn/antbot_ws/install/local_setup.zsh'
[2.075s] INFO:colcon.colcon_core.shell:Creating prefix chain script '/home/pakorn/antbot_ws/install/setup.zsh'
