[0.112s] DEBUG:colcon:Command line arguments: ['/usr/bin/colcon', 'build']
[0.112s] DEBUG:colcon:Parsed command line arguments: Namespace(log_base=None, log_level=None, verb_name='build', build_base='build', install_base='install', merge_install=False, symlink_install=False, test_result_base=None, continue_on_error=False, executor='parallel', parallel_workers=12, event_handlers=None, ignore_user_meta=False, metas=['./colcon.meta'], base_paths=['.'], packages_ignore=None, packages_ignore_regex=None, paths=None, packages_up_to=None, packages_up_to_regex=None, packages_above=None, packages_above_and_dependencies=None, packages_above_depth=None, packages_select_by_dep=None, packages_skip_by_dep=None, packages_skip_up_to=None, packages_select_build_failed=False, packages_skip_build_finished=False, packages_select_test_failures=False, packages_skip_test_passed=False, packages_select=None, packages_skip=None, packages_select_regex=None, packages_skip_regex=None, packages_start=None, packages_end=None, allow_overriding=[], cmake_args=None, cmake_target=None, cmake_target_skip_unavailable=False, cmake_clean_cache=False, cmake_clean_first=False, cmake_force_configure=False, ament_cmake_args=None, catkin_cmake_args=None, catkin_skip_building_tests=False, verb_parser=<colcon_defaults.argument_parser.defaults.DefaultArgumentsDecorator object at 0x77433fca4920>, verb_extension=<colcon_core.verb.build.BuildVerb object at 0x774340385010>, main=<bound method BuildVerb.main of <colcon_core.verb.build.BuildVerb object at 0x774340385010>>)
[0.154s] Level 1:colcon.colcon_core.package_discovery:discover_packages(colcon_meta) check parameters
[0.154s] Level 1:colcon.colcon_core.package_discovery:discover_packages(recursive) check parameters
[0.154s] Level 1:colcon.colcon_core.package_discovery:discover_packages(ignore) check parameters
[0.154s] Level 1:colcon.colcon_core.package_discovery:discover_packages(path) check parameters
[0.154s] Level 1:colcon.colcon_core.package_discovery:discover_packages(colcon_meta) discover
[0.154s] Level 1:colcon.colcon_core.package_discovery:discover_packages(recursive) discover
[0.154s] INFO:colcon.colcon_core.package_discovery:Crawling recursively for packages in '/home/pakorn/antbot_ws'
[0.154s] Level 1:colcon.colcon_core.package_identification:_identify(.) by extensions ['ignore', 'ignore_ament_install']
[0.154s] Level 1:colcon.colcon_core.package_identification:_identify(.) by extension 'ignore'
[0.154s] Level 1:colcon.colcon_core.package_identification:_identify(.) by extension 'ignore_ament_install'
[0.154s] Level 1:colcon.colcon_core.package_identification:_identify(.) by extensions ['colcon_pkg']
[0.154s] Level 1:colcon.colcon_core.package_identification:_identify(.) by extension 'colcon_pkg'
[0.154s] Level 1:colcon.colcon_core.package_identification:_identify(.) by extensions ['colcon_meta']
[0.154s] Level 1:colcon.colcon_core.package_identification:_identify(.) by extension 'colcon_meta'
[0.154s] Level 1:colcon.colcon_core.package_identification:_identify(.) by extensions ['ros']
[0.154s] Level 1:colcon.colcon_core.package_identification:_identify(.) by extension 'ros'
[0.180s] Level 1:colcon.colcon_core.package_identification:_identify(.) by extensions ['cmake', 'python']
[0.180s] Level 1:colcon.colcon_core.package_identification:_identify(.) by extension 'cmake'
[0.180s] Level 1:colcon.colcon_core.package_identification:_identify(.) by extension 'python'
[0.180s] Level 1:colcon.colcon_core.package_identification:_identify(.) by extensions ['python_setup_py']
[0.180s] Level 1:colcon.colcon_core.package_identification:_identify(.) by extension 'python_setup_py'
[0.180s] Level 1:colcon.colcon_core.package_identification:_identify(build) by extensions ['ignore', 'ignore_ament_install']
[0.180s] Level 1:colcon.colcon_core.package_identification:_identify(build) by extension 'ignore'
[0.180s] Level 1:colcon.colcon_core.package_identification:_identify(build) ignored
[0.180s] Level 1:colcon.colcon_core.package_identification:_identify(install) by extensions ['ignore', 'ignore_ament_install']
[0.180s] Level 1:colcon.colcon_core.package_identification:_identify(install) by extension 'ignore'
[0.180s] Level 1:colcon.colcon_core.package_identification:_identify(install) ignored
[0.181s] Level 1:colcon.colcon_core.package_identification:_identify(log) by extensions ['ignore', 'ignore_ament_install']
[0.181s] Level 1:colcon.colcon_core.package_identification:_identify(log) by extension 'ignore'
[0.181s] Level 1:colcon.colcon_core.package_identification:_identify(log) ignored
[0.181s] Level 1:colcon.colcon_core.package_identification:_identify(src) by extensions ['ignore', 'ignore_ament_install']
[0.181s] Level 1:colcon.colcon_core.package_identification:_identify(src) by extension 'ignore'
[0.181s] Level 1:colcon.colcon_core.package_identification:_identify(src) by extension 'ignore_ament_install'
[0.181s] Level 1:colcon.colcon_core.package_identification:_identify(src) by extensions ['colcon_pkg']
[0.181s] Level 1:colcon.colcon_core.package_identification:_identify(src) by extension 'colcon_pkg'
[0.181s] Level 1:colcon.colcon_core.package_identification:_identify(src) by extensions ['colcon_meta']
[0.181s] Level 1:colcon.colcon_core.package_identification:_identify(src) by extension 'colcon_meta'
[0.181s] Level 1:colcon.colcon_core.package_identification:_identify(src) by extensions ['ros']
[0.181s] Level 1:colcon.colcon_core.package_identification:_identify(src) by extension 'ros'
[0.181s] Level 1:colcon.colcon_core.package_identification:_identify(src) by extensions ['cmake', 'python']
[0.181s] Level 1:colcon.colcon_core.package_identification:_identify(src) by extension 'cmake'
[0.181s] Level 1:colcon.colcon_core.package_identification:_identify(src) by extension 'python'
[0.181s] Level 1:colcon.colcon_core.package_identification:_identify(src) by extensions ['python_setup_py']
[0.181s] Level 1:colcon.colcon_core.package_identification:_identify(src) by extension 'python_setup_py'
[0.181s] Level 1:colcon.colcon_core.package_identification:_identify(src/antbot_description) by extensions ['ignore', 'ignore_ament_install']
[0.181s] Level 1:colcon.colcon_core.package_identification:_identify(src/antbot_description) by extension 'ignore'
[0.182s] Level 1:colcon.colcon_core.package_identification:_identify(src/antbot_description) by extension 'ignore_ament_install'
[0.182s] Level 1:colcon.colcon_core.package_identification:_identify(src/antbot_description) by extensions ['colcon_pkg']
[0.182s] Level 1:colcon.colcon_core.package_identification:_identify(src/antbot_description) by extension 'colcon_pkg'
[0.182s] Level 1:colcon.colcon_core.package_identification:_identify(src/antbot_description) by extensions ['colcon_meta']
[0.182s] Level 1:colcon.colcon_core.package_identification:_identify(src/antbot_description) by extension 'colcon_meta'
[0.182s] Level 1:colcon.colcon_core.package_identification:_identify(src/antbot_description) by extensions ['ros']
[0.182s] Level 1:colcon.colcon_core.package_identification:_identify(src/antbot_description) by extension 'ros'
[0.184s] DEBUG:colcon.colcon_core.package_identification:Package 'src/antbot_description' with type 'ros.ament_cmake' and name 'antbot_description'
[0.184s] Level 1:colcon.colcon_core.package_identification:_identify(src/antbot_drive_controller) by extensions ['ignore', 'ignore_ament_install']
[0.184s] Level 1:colcon.colcon_core.package_identification:_identify(src/antbot_drive_controller) by extension 'ignore'
[0.184s] Level 1:colcon.colcon_core.package_identification:_identify(src/antbot_drive_controller) by extension 'ignore_ament_install'
[0.184s] Level 1:colcon.colcon_core.package_identification:_identify(src/antbot_drive_controller) by extensions ['colcon_pkg']
[0.185s] Level 1:colcon.colcon_core.package_identification:_identify(src/antbot_drive_controller) by extension 'colcon_pkg'
[0.185s] Level 1:colcon.colcon_core.package_identification:_identify(src/antbot_drive_controller) by extensions ['colcon_meta']
[0.185s] Level 1:colcon.colcon_core.package_identification:_identify(src/antbot_drive_controller) by extension 'colcon_meta'
[0.185s] Level 1:colcon.colcon_core.package_identification:_identify(src/antbot_drive_controller) by extensions ['ros']
[0.185s] Level 1:colcon.colcon_core.package_identification:_identify(src/antbot_drive_controller) by extension 'ros'
[0.185s] DEBUG:colcon.colcon_core.package_identification:Package 'src/antbot_drive_controller' with type 'ros.ament_python' and name 'antbot_drive_controller'
[0.185s] Level 1:colcon.colcon_core.package_discovery:discover_packages(recursive) using defaults
[0.185s] Level 1:colcon.colcon_core.package_discovery:discover_packages(ignore) discover
[0.186s] Level 1:colcon.colcon_core.package_discovery:discover_packages(ignore) using defaults
[0.186s] Level 1:colcon.colcon_core.package_discovery:discover_packages(path) discover
[0.186s] Level 1:colcon.colcon_core.package_discovery:discover_packages(path) using defaults
[0.204s] Level 1:colcon.colcon_core.package_discovery:discover_packages(prefix_path) check parameters
[0.204s] Level 1:colcon.colcon_core.package_discovery:discover_packages(prefix_path) discover
[0.207s] DEBUG:colcon.colcon_installed_package_information.package_discovery:Found 2 installed packages in /home/pakorn/antbot_ws/install
[0.207s] DEBUG:colcon.colcon_installed_package_information.package_discovery:Found 1 installed packages in /home/pakorn/gz_ros2_control_ws/install
[0.207s] DEBUG:colcon.colcon_installed_package_information.package_discovery:Found 11 installed packages in /home/pakorn/ros2_ws/install
[0.208s] DEBUG:colcon.colcon_installed_package_information.package_discovery:Found 1 installed packages in /home/pakorn/test_ws/install
[0.210s] DEBUG:colcon.colcon_installed_package_information.package_discovery:Found 469 installed packages in /opt/ros/jazzy
[0.213s] Level 1:colcon.colcon_core.package_discovery:discover_packages(prefix_path) using defaults
[0.277s] Level 5:colcon.colcon_core.verb:set package 'antbot_description' build argument 'cmake_args' from command line to 'None'
[0.277s] Level 5:colcon.colcon_core.verb:set package 'antbot_description' build argument 'cmake_target' from command line to 'None'
[0.277s] Level 5:colcon.colcon_core.verb:set package 'antbot_description' build argument 'cmake_target_skip_unavailable' from command line to 'False'
[0.277s] Level 5:colcon.colcon_core.verb:set package 'antbot_description' build argument 'cmake_clean_cache' from command line to 'False'
[0.277s] Level 5:colcon.colcon_core.verb:set package 'antbot_description' build argument 'cmake_clean_first' from command line to 'False'
[0.277s] Level 5:colcon.colcon_core.verb:set package 'antbot_description' build argument 'cmake_force_configure' from command line to 'False'
[0.277s] Level 5:colcon.colcon_core.verb:set package 'antbot_description' build argument 'ament_cmake_args' from command line to 'None'
[0.277s] Level 5:colcon.colcon_core.verb:set package 'antbot_description' build argument 'catkin_cmake_args' from command line to 'None'
[0.277s] Level 5:colcon.colcon_core.verb:set package 'antbot_description' build argument 'catkin_skip_building_tests' from command line to 'False'
[0.277s] DEBUG:colcon.colcon_core.verb:Building package 'antbot_description' with the following arguments: {'ament_cmake_args': None, 'build_base': '/home/pakorn/antbot_ws/build/antbot_description', 'catkin_cmake_args': None, 'catkin_skip_building_tests': False, 'cmake_args': None, 'cmake_clean_cache': False, 'cmake_clean_first': False, 'cmake_force_configure': False, 'cmake_target': None, 'cmake_target_skip_unavailable': False, 'install_base': '/home/pakorn/antbot_ws/install/antbot_description', 'merge_install': False, 'path': '/home/pakorn/antbot_ws/src/antbot_description', 'symlink_install': False, 'test_result_base': None}
[0.278s] Level 5:colcon.colcon_core.verb:set package 'antbot_drive_controller' build argument 'cmake_args' from command line to 'None'
[0.278s] Level 5:colcon.colcon_core.verb:set package 'antbot_drive_controller' build argument 'cmake_target' from command line to 'None'
[0.278s] Level 5:colcon.colcon_core.verb:set package 'antbot_drive_controller' build argument 'cmake_target_skip_unavailable' from command line to 'False'
[0.278s] Level 5:colcon.colcon_core.verb:set package 'antbot_drive_controller' build argument 'cmake_clean_cache' from command line to 'False'
[0.278s] Level 5:colcon.colcon_core.verb:set package 'antbot_drive_controller' build argument 'cmake_clean_first' from command line to 'False'
[0.278s] Level 5:colcon.colcon_core.verb:set package 'antbot_drive_controller' build argument 'cmake_force_configure' from command line to 'False'
[0.278s] Level 5:colcon.colcon_core.verb:set package 'antbot_drive_controller' build argument 'ament_cmake_args' from command line to 'None'
[0.278s] Level 5:colcon.colcon_core.verb:set package 'antbot_drive_controller' build argument 'catkin_cmake_args' from command line to 'None'
[0.278s] Level 5:colcon.colcon_core.verb:set package 'antbot_drive_controller' build argument 'catkin_skip_building_tests' from command line to 'False'
[0.278s] DEBUG:colcon.colcon_core.verb:Building package 'antbot_drive_controller' with the following arguments: {'ament_cmake_args': None, 'build_base': '/home/pakorn/antbot_ws/build/antbot_drive_controller', 'catkin_cmake_args': None, 'catkin_skip_building_tests': False, 'cmake_args': None, 'cmake_clean_cache': False, 'cmake_clean_first': False, 'cmake_force_configure': False, 'cmake_target': None, 'cmake_target_skip_unavailable': False, 'install_base': '/home/pakorn/antbot_ws/install/antbot_drive_controller', 'merge_install': False, 'path': '/home/pakorn/antbot_ws/src/antbot_drive_controller', 'symlink_install': False, 'test_result_base': None}
[0.278s] INFO:colcon.colcon_core.executor:Executing jobs using 'parallel' executor
[0.279s] DEBUG:colcon.colcon_parallel_executor.executor.parallel:run_until_complete
[0.279s] INFO:colcon.colcon_ros.task.ament_cmake.build:Building ROS package in '/home/pakorn/antbot_ws/src/antbot_description' with build type 'ament_cmake'
[0.280s] INFO:colcon.colcon_cmake.task.cmake.build:Building CMake package in '/home/pakorn/antbot_ws/src/antbot_description'
[0.281s] INFO:colcon.colcon_core.plugin_system:Skipping extension 'colcon_core.shell.bat': Not used on non-Windows systems
[0.281s] INFO:colcon.colcon_core.shell:Skip shell extension 'powershell' for command environment: Not usable outside of PowerShell
[0.281s] DEBUG:colcon.colcon_core.shell:Skip shell extension 'dsv' for command environment
[0.288s] INFO:colcon.colcon_ros.task.ament_python.build:Building ROS package in '/home/pakorn/antbot_ws/src/antbot_drive_controller' with build type 'ament_python'
[0.289s] Level 1:colcon.colcon_core.shell:create_environment_hook('antbot_drive_controller', 'ament_prefix_path')
[0.289s] INFO:colcon.colcon_core.shell:Creating environment hook '/home/pakorn/antbot_ws/install/antbot_drive_controller/share/antbot_drive_controller/hook/ament_prefix_path.ps1'
[0.290s] INFO:colcon.colcon_core.shell:Creating environment descriptor '/home/pakorn/antbot_ws/install/antbot_drive_controller/share/antbot_drive_controller/hook/ament_prefix_path.dsv'
[0.290s] INFO:colcon.colcon_core.shell:Creating environment hook '/home/pakorn/antbot_ws/install/antbot_drive_controller/share/antbot_drive_controller/hook/ament_prefix_path.sh'
[0.291s] INFO:colcon.colcon_core.shell:Skip shell extension 'powershell' for command environment: Not usable outside of PowerShell
[0.291s] DEBUG:colcon.colcon_core.shell:Skip shell extension 'dsv' for command environment
[0.303s] DEBUG:colcon.colcon_core.event_handler.log_command:Invoking command in '/home/pakorn/antbot_ws/build/antbot_description': CMAKE_PREFIX_PATH=${CMAKE_PREFIX_PATH}:/home/pakorn/antbot_ws/install/antbot_drive_controller:/opt/ros/jazzy DEBUGINFOD_URLS=https://debuginfod.ubuntu.com /usr/bin/cmake --build /home/pakorn/antbot_ws/build/antbot_description -- -j12 -l12
[0.552s] INFO:colcon.colcon_core.task.python.build:Building Python package in '/home/pakorn/antbot_ws/src/antbot_drive_controller'
[0.552s] INFO:colcon.colcon_core.shell:Skip shell extension 'powershell' for command environment: Not usable outside of PowerShell
[0.552s] DEBUG:colcon.colcon_core.shell:Skip shell extension 'dsv' for command environment
[0.559s] DEBUG:colcon.colcon_core.event_handler.log_command:Invoked command in '/home/pakorn/antbot_ws/build/antbot_description' returned '0': CMAKE_PREFIX_PATH=${CMAKE_PREFIX_PATH}:/home/pakorn/antbot_ws/install/antbot_drive_controller:/opt/ros/jazzy DEBUGINFOD_URLS=https://debuginfod.ubuntu.com /usr/bin/cmake --build /home/pakorn/antbot_ws/build/antbot_description -- -j12 -l12
[0.580s] DEBUG:colcon.colcon_core.event_handler.log_command:Invoking command in '/home/pakorn/antbot_ws/build/antbot_description': CMAKE_PREFIX_PATH=${CMAKE_PREFIX_PATH}:/home/pakorn/antbot_ws/install/antbot_drive_controller:/opt/ros/jazzy DEBUGINFOD_URLS=https://debuginfod.ubuntu.com /usr/bin/cmake --install /home/pakorn/antbot_ws/build/antbot_description
[0.607s] Level 1:colcon.colcon_core.environment:create_environment_scripts_only(antbot_description)
[0.607s] DEBUG:colcon.colcon_core.event_handler.log_command:Invoked command in '/home/pakorn/antbot_ws/build/antbot_description' returned '0': CMAKE_PREFIX_PATH=${CMAKE_PREFIX_PATH}:/home/pakorn/antbot_ws/install/antbot_drive_controller:/opt/ros/jazzy DEBUGINFOD_URLS=https://debuginfod.ubuntu.com /usr/bin/cmake --install /home/pakorn/antbot_ws/build/antbot_description
[0.609s] Level 1:colcon.colcon_core.environment:checking '/home/pakorn/antbot_ws/install/antbot_description' for CMake module files
[0.610s] Level 1:colcon.colcon_core.environment:checking '/home/pakorn/antbot_ws/install/antbot_description' for CMake config files
[0.610s] Level 1:colcon.colcon_core.shell:create_environment_hook('antbot_description', 'cmake_prefix_path')
[0.611s] INFO:colcon.colcon_core.shell:Creating environment hook '/home/pakorn/antbot_ws/install/antbot_description/share/antbot_description/hook/cmake_prefix_path.ps1'
[0.611s] INFO:colcon.colcon_core.shell:Creating environment descriptor '/home/pakorn/antbot_ws/install/antbot_description/share/antbot_description/hook/cmake_prefix_path.dsv'
[0.612s] INFO:colcon.colcon_core.shell:Creating environment hook '/home/pakorn/antbot_ws/install/antbot_description/share/antbot_description/hook/cmake_prefix_path.sh'
[0.612s] Level 1:colcon.colcon_core.environment:checking '/home/pakorn/antbot_ws/install/antbot_description/bin'
[0.612s] Level 1:colcon.colcon_core.environment:checking '/home/pakorn/antbot_ws/install/antbot_description/lib/pkgconfig/antbot_description.pc'
[0.612s] Level 1:colcon.colcon_core.environment:checking '/home/pakorn/antbot_ws/install/antbot_description/lib/python3.12/site-packages'
[0.613s] Level 1:colcon.colcon_core.environment:checking '/home/pakorn/antbot_ws/install/antbot_description/bin'
[0.613s] INFO:colcon.colcon_core.shell:Creating package script '/home/pakorn/antbot_ws/install/antbot_description/share/antbot_description/package.ps1'
[0.613s] INFO:colcon.colcon_core.shell:Creating package descriptor '/home/pakorn/antbot_ws/install/antbot_description/share/antbot_description/package.dsv'
[0.614s] INFO:colcon.colcon_core.shell:Creating package script '/home/pakorn/antbot_ws/install/antbot_description/share/antbot_description/package.sh'
[0.614s] INFO:colcon.colcon_core.shell:Creating package script '/home/pakorn/antbot_ws/install/antbot_description/share/antbot_description/package.bash'
[0.615s] INFO:colcon.colcon_core.shell:Creating package script '/home/pakorn/antbot_ws/install/antbot_description/share/antbot_description/package.zsh'
[0.616s] Level 1:colcon.colcon_core.environment:create_file_with_runtime_dependencies(/home/pakorn/antbot_ws/install/antbot_description/share/colcon-core/packages/antbot_description)
[0.617s] Level 1:colcon.colcon_core.environment:create_environment_scripts_only(antbot_description)
[0.617s] Level 1:colcon.colcon_core.environment:checking '/home/pakorn/antbot_ws/install/antbot_description' for CMake module files
[0.617s] Level 1:colcon.colcon_core.environment:checking '/home/pakorn/antbot_ws/install/antbot_description' for CMake config files
[0.618s] Level 1:colcon.colcon_core.shell:create_environment_hook('antbot_description', 'cmake_prefix_path')
[0.618s] INFO:colcon.colcon_core.shell:Creating environment hook '/home/pakorn/antbot_ws/install/antbot_description/share/antbot_description/hook/cmake_prefix_path.ps1'
[0.618s] INFO:colcon.colcon_core.shell:Creating environment descriptor '/home/pakorn/antbot_ws/install/antbot_description/share/antbot_description/hook/cmake_prefix_path.dsv'
[0.619s] INFO:colcon.colcon_core.shell:Creating environment hook '/home/pakorn/antbot_ws/install/antbot_description/share/antbot_description/hook/cmake_prefix_path.sh'
[0.619s] Level 1:colcon.colcon_core.environment:checking '/home/pakorn/antbot_ws/install/antbot_description/bin'
[0.619s] Level 1:colcon.colcon_core.environment:checking '/home/pakorn/antbot_ws/install/antbot_description/lib/pkgconfig/antbot_description.pc'
[0.619s] Level 1:colcon.colcon_core.environment:checking '/home/pakorn/antbot_ws/install/antbot_description/lib/python3.12/site-packages'
[0.620s] Level 1:colcon.colcon_core.environment:checking '/home/pakorn/antbot_ws/install/antbot_description/bin'
[0.620s] INFO:colcon.colcon_core.shell:Creating package script '/home/pakorn/antbot_ws/install/antbot_description/share/antbot_description/package.ps1'
[0.620s] INFO:colcon.colcon_core.shell:Creating package descriptor '/home/pakorn/antbot_ws/install/antbot_description/share/antbot_description/package.dsv'
[0.621s] INFO:colcon.colcon_core.shell:Creating package script '/home/pakorn/antbot_ws/install/antbot_description/share/antbot_description/package.sh'
[0.621s] INFO:colcon.colcon_core.shell:Creating package script '/home/pakorn/antbot_ws/install/antbot_description/share/antbot_description/package.bash'
[0.622s] INFO:colcon.colcon_core.shell:Creating package script '/home/pakorn/antbot_ws/install/antbot_description/share/antbot_description/package.zsh'
[0.622s] Level 1:colcon.colcon_core.environment:create_file_with_runtime_dependencies(/home/pakorn/antbot_ws/install/antbot_description/share/colcon-core/packages/antbot_description)
[1.302s] DEBUG:colcon.colcon_core.event_handler.log_command:Invoking command in '/home/pakorn/antbot_ws/src/antbot_drive_controller': DEBUGINFOD_URLS=https://debuginfod.ubuntu.com PYTHONPATH=/home/pakorn/antbot_ws/build/antbot_drive_controller/prefix_override:/usr/lib/python3/dist-packages/colcon_core/task/python/colcon_distutils_commands:/home/pakorn/antbot_ws/install/antbot_drive_controller/lib/python3.12/site-packages:${PYTHONPATH} /usr/bin/python3 -W ignore:setup.py install is deprecated -W ignore:easy_install command is deprecated setup.py egg_info --egg-base ../../build/antbot_drive_controller build --build-base /home/pakorn/antbot_ws/build/antbot_drive_controller/build install --record /home/pakorn/antbot_ws/build/antbot_drive_controller/install.log --single-version-externally-managed install_data
[1.926s] Level 1:colcon.colcon_core.environment:checking '/home/pakorn/antbot_ws/install/antbot_drive_controller' for CMake module files
[1.927s] DEBUG:colcon.colcon_core.event_handler.log_command:Invoked command in '/home/pakorn/antbot_ws/src/antbot_drive_controller' returned '0': DEBUGINFOD_URLS=https://debuginfod.ubuntu.com PYTHONPATH=/home/pakorn/antbot_ws/build/antbot_drive_controller/prefix_override:/usr/lib/python3/dist-packages/colcon_core/task/python/colcon_distutils_commands:/home/pakorn/antbot_ws/install/antbot_drive_controller/lib/python3.12/site-packages:${PYTHONPATH} /usr/bin/python3 -W ignore:setup.py install is deprecated -W ignore:easy_install command is deprecated setup.py egg_info --egg-base ../../build/antbot_drive_controller build --build-base /home/pakorn/antbot_ws/build/antbot_drive_controller/build install --record /home/pakorn/antbot_ws/build/antbot_drive_controller/install.log --single-version-externally-managed install_data
[1.928s] Level 1:colcon.colcon_core.environment:checking '/home/pakorn/antbot_ws/install/antbot_drive_controller' for CMake config files
[1.929s] Level 1:colcon.colcon_core.environment:checking '/home/pakorn/antbot_ws/install/antbot_drive_controller/lib'
[1.929s] Level 1:colcon.colcon_core.environment:checking '/home/pakorn/antbot_ws/install/antbot_drive_controller/bin'
[1.929s] Level 1:colcon.colcon_core.environment:checking '/home/pakorn/antbot_ws/install/antbot_drive_controller/lib/pkgconfig/antbot_drive_controller.pc'
[1.930s] Level 1:colcon.colcon_core.environment:checking '/home/pakorn/antbot_ws/install/antbot_drive_controller/lib/python3.12/site-packages'
[1.930s] Level 1:colcon.colcon_core.shell:create_environment_hook('antbot_drive_controller', 'pythonpath')
[1.930s] INFO:colcon.colcon_core.shell:Creating environment hook '/home/pakorn/antbot_ws/install/antbot_drive_controller/share/antbot_drive_controller/hook/pythonpath.ps1'
[1.931s] INFO:colcon.colcon_core.shell:Creating environment descriptor '/home/pakorn/antbot_ws/install/antbot_drive_controller/share/antbot_drive_controller/hook/pythonpath.dsv'
[1.932s] INFO:colcon.colcon_core.shell:Creating environment hook '/home/pakorn/antbot_ws/install/antbot_drive_controller/share/antbot_drive_controller/hook/pythonpath.sh'
[1.934s] Level 1:colcon.colcon_core.environment:checking '/home/pakorn/antbot_ws/install/antbot_drive_controller/bin'
[1.934s] Level 1:colcon.colcon_core.environment:create_environment_scripts_only(antbot_drive_controller)
[1.934s] INFO:colcon.colcon_core.shell:Creating package script '/home/pakorn/antbot_ws/install/antbot_drive_controller/share/antbot_drive_controller/package.ps1'
[1.935s] INFO:colcon.colcon_core.shell:Creating package descriptor '/home/pakorn/antbot_ws/install/antbot_drive_controller/share/antbot_drive_controller/package.dsv'
[1.937s] INFO:colcon.colcon_core.shell:Creating package script '/home/pakorn/antbot_ws/install/antbot_drive_controller/share/antbot_drive_controller/package.sh'
[1.938s] INFO:colcon.colcon_core.shell:Creating package script '/home/pakorn/antbot_ws/install/antbot_drive_controller/share/antbot_drive_controller/package.bash'
[1.939s] INFO:colcon.colcon_core.shell:Creating package script '/home/pakorn/antbot_ws/install/antbot_drive_controller/share/antbot_drive_controller/package.zsh'
[1.940s] Level 1:colcon.colcon_core.environment:create_file_with_runtime_dependencies(/home/pakorn/antbot_ws/install/antbot_drive_controller/share/colcon-core/packages/antbot_drive_controller)
[1.940s] DEBUG:colcon.colcon_parallel_executor.executor.parallel:closing loop
[1.941s] DEBUG:colcon.colcon_parallel_executor.executor.parallel:loop closed
[1.942s] DEBUG:colcon.colcon_parallel_executor.executor.parallel:run_until_complete finished with '0'
[1.942s] DEBUG:colcon.colcon_core.event_reactor:joining thread
[1.981s] INFO:colcon.colcon_core.plugin_system:Skipping extension 'colcon_notification.desktop_notification.terminal_notifier': Not used on non-Darwin systems
[1.982s] INFO:colcon.colcon_core.plugin_system:Skipping extension 'colcon_notification.desktop_notification.win32': Not used on non-Windows systems
[1.982s] INFO:colcon.colcon_notification.desktop_notification:Sending desktop notification using 'notify2'
[2.006s] DEBUG:colcon.colcon_core.event_reactor:joined thread
[2.006s] INFO:colcon.colcon_core.shell:Creating prefix script '/home/pakorn/antbot_ws/install/local_setup.ps1'
[2.008s] INFO:colcon.colcon_core.shell:Creating prefix util module '/home/pakorn/antbot_ws/install/_local_setup_util_ps1.py'
[2.011s] INFO:colcon.colcon_core.shell:Creating prefix chain script '/home/pakorn/antbot_ws/install/setup.ps1'
[2.015s] INFO:colcon.colcon_core.shell:Creating prefix script '/home/pakorn/antbot_ws/install/local_setup.sh'
[2.016s] INFO:colcon.colcon_core.shell:Creating prefix util module '/home/pakorn/antbot_ws/install/_local_setup_util_sh.py'
[2.017s] INFO:colcon.colcon_core.shell:Creating prefix chain script '/home/pakorn/antbot_ws/install/setup.sh'
[2.021s] INFO:colcon.colcon_core.shell:Creating prefix script '/home/pakorn/antbot_ws/install/local_setup.bash'
[2.022s] INFO:colcon.colcon_core.shell:Creating prefix chain script '/home/pakorn/antbot_ws/install/setup.bash'
[2.026s] INFO:colcon.colcon_core.shell:Creating prefix script '/home/pakorn/antbot_ws/install/local_setup.zsh'
[2.027s] INFO:colcon.colcon_core.shell:Creating prefix chain script '/home/pakorn/antbot_ws/install/setup.zsh'
